d:\project\opencl\ocl1\x64\debug\vc143.pdb
d:\project\opencl\ocl1\x64\debug\vc143.idb
d:\project\opencl\ocl1\x64\debug\selection_of_parameters.obj
d:\project\opencl\ocl1\x64\debug\main.obj
d:\project\opencl\ocl1\x64\debug\filling_matrix.obj
d:\project\opencl\ocl1\x64\debug\search_device.obj
d:\project\opencl\ocl1\x64\debug\printmatrixinfile2.obj
d:\project\opencl\ocl1\x64\debug\printmatrixinfile1.obj
d:\project\opencl\ocl1\x64\debug\opnecl_implementation_2.obj
d:\project\opencl\ocl1\x64\debug\check_queue.obj
d:\project\opencl\ocl1\x64\debug\check_errors.obj
d:\project\opencl\ocl1\x64\debug\opencl.obj
d:\project\opencl\ocl1\x64\debug\printmatrixinfile.obj
d:\project\opencl\ocl1\x64\debug\reliz_3.obj
d:\project\opencl\ocl1\x64\debug\ocl1.exe
d:\project\opencl\ocl1\x64\debug\ocl1.ilk
d:\project\opencl\ocl1\x64\debug\ocl1.pdb
d:\project\opencl\ocl1\x64\debug\opencl_implementation_1.obj
d:\project\opencl\ocl1\x64\debug\ocl1.tlog\cl.command.1.tlog
d:\project\opencl\ocl1\x64\debug\ocl1.tlog\cl.read.1.tlog
d:\project\opencl\ocl1\x64\debug\ocl1.tlog\cl.write.1.tlog
d:\project\opencl\ocl1\x64\debug\ocl1.tlog\link.command.1.tlog
d:\project\opencl\ocl1\x64\debug\ocl1.tlog\link.read.1.tlog
d:\project\opencl\ocl1\x64\debug\ocl1.tlog\link.write.1.tlog
